[0mGET /api [0m- [0m- ms - -[0m
[0mGET /api [0m- [0m- ms - -[0m
[0mGET /api [0m- [0m- ms - -[0m
[0mGET /api [0m- [0m- ms - -[0m
[0mGET /api [0m- [0m- ms - -[0m
[0mGET /api [0m- [0m- ms - -[0m
[0mGET /api [0m- [0m- ms - -[0m
[0mGET /api [0m- [0m- ms - -[0m
[0mGET /api [0m- [0m- ms - -[0m
[0mGET /api [31m500 [0m15.816 ms - 1352[0m
[0mGET /api [31m500 [0m24.473 ms - 1352[0m
[0mGET /api [32m200 [0m9.866 ms - -[0m
[0mGET /favicon.ico [33m404 [0m2.278 ms - 150[0m
[0mGET /api [32m200 [0m11.501 ms - 4[0m
[0mGET /api [32m200 [0m1.633 ms - 4[0m
[0mGET /api [32m200 [0m1.727 ms - 4[0m
[0mGET /api/ [32m200 [0m1.108 ms - 4[0m
[0mGET /api [32m200 [0m1.152 ms - 4[0m
[0mGET /api [32m200 [0m1.260 ms - 4[0m
[0mGET /api [32m200 [0m0.832 ms - 4[0m
[0mGET /api [32m200 [0m2.608 ms - 4[0m
[0mGET /api [32m200 [0m0.900 ms - 4[0m
[0mGET /api [32m200 [0m74.369 ms - 1902[0m
[0mGET /api [32m200 [0m89.190 ms - 120[0m
[0mGET /api [32m200 [0m51.616 ms - 120[0m
[0mGET /api [32m200 [0m26.448 ms - 120[0m
[0mGET /api [32m200 [0m20.002 ms - 120[0m
